  glad.c
  BiomeHeightmap.cpp
  BiomeHeightmapOverworld.cpp
c:\users\troy\source\repos\minecraft\minecraft\biomeheightmapoverworld.cpp(12): warning C4244: 'argument': conversion from 'int' to 'FN_DECIMAL', possible loss of data
c:\users\troy\source\repos\minecraft\minecraft\biomeheightmapoverworld.cpp(12): warning C4244: 'return': conversion from 'FN_DECIMAL' to 'int', possible loss of data
c:\users\troy\source\repos\minecraft\minecraft\biomeheightmapoverworld.cpp(15): warning C4244: 'argument': conversion from 'int' to 'FN_DECIMAL', possible loss of data
c:\users\troy\source\repos\minecraft\minecraft\biomeheightmapoverworld.cpp(15): warning C4244: 'return': conversion from 'FN_DECIMAL' to 'int', possible loss of data
c:\users\troy\source\repos\minecraft\minecraft\biomeheightmapoverworld.cpp(18): warning C4244: 'argument': conversion from 'int' to 'FN_DECIMAL', possible loss of data
c:\users\troy\source\repos\minecraft\minecraft\biomeheightmapoverworld.cpp(18): warning C4244: 'return': conversion from 'FN_DECIMAL' to 'int', possible loss of data
c:\users\troy\source\repos\minecraft\minecraft\biomeheightmapoverworld.cpp(21): warning C4244: 'argument': conversion from 'int' to 'FN_DECIMAL', possible loss of data
c:\users\troy\source\repos\minecraft\minecraft\biomeheightmapoverworld.cpp(21): warning C4244: 'return': conversion from 'FN_DECIMAL' to 'int', possible loss of data
  BiomeMap.cpp
c:\users\troy\source\repos\minecraft\minecraft\biomemap.cpp(13): warning C4244: 'argument': conversion from 'int' to 'FN_DECIMAL', possible loss of data
c:\users\troy\source\repos\minecraft\minecraft\biomemap.cpp(14): warning C4244: '+=': conversion from 'double' to 'int', possible loss of data
c:\users\troy\source\repos\minecraft\minecraft\biomemap.cpp(26): warning C4244: 'argument': conversion from 'int' to 'FN_DECIMAL', possible loss of data
c:\users\troy\source\repos\minecraft\minecraft\biomemap.cpp(30): warning C4244: 'argument': conversion from 'double' to 'int', possible loss of data
c:\users\troy\source\repos\minecraft\minecraft\biomemap.cpp(30): warning C4244: '=': conversion from 'float' to 'int', possible loss of data
c:\users\troy\source\repos\minecraft\minecraft\biomemap.cpp(33): warning C4244: 'argument': conversion from 'double' to 'int', possible loss of data
c:\users\troy\source\repos\minecraft\minecraft\biomemap.cpp(33): warning C4244: '=': conversion from 'float' to 'int', possible loss of data
  Block.cpp
  BlockAir.cpp
  BlockCactus.cpp
  BlockCoalOre.cpp
  BlockCoords.cpp
  BlockDiamondOre.cpp
  BlockDirt.cpp
  BlockGoldOre.cpp
  BlockGrass.cpp
  BlockGravel.cpp
  BlockIronOre.cpp
  BlockLeaf.cpp
  BlockLeafOrange.cpp
  BlockLeafRed.cpp
  BlockLightGrass.cpp
  BlockLog.cpp
  BlockMagma.cpp
  Compiling...
  BlockSand.cpp
  BlockSandstone.cpp
  BlockWater.cpp
  Camera.cpp
  Chunk.cpp
  ChunkCoords.cpp
  ChunkManager.cpp
  ChunkThread.cpp
c:\users\troy\source\repos\minecraft\minecraft\chunkthread.cpp(27): warning C4018: '<': signed/unsigned mismatch
c:\users\troy\source\repos\minecraft\minecraft\chunkthread.cpp(106): warning C4018: '<': signed/unsigned mismatch
c:\users\troy\source\repos\minecraft\minecraft\chunkthread.cpp(135): warning C4018: '<': signed/unsigned mismatch
  ChunkThreadPool.cpp
  ChunkVAO.cpp
  CompositeStructure.cpp
c:\users\troy\source\repos\minecraft\minecraft\compositestructure.cpp(8): warning C4018: '<': signed/unsigned mismatch
c:\users\troy\source\repos\minecraft\minecraft\compositestructure.cpp(21): warning C4018: '<': signed/unsigned mismatch
c:\users\troy\source\repos\minecraft\minecraft\compositestructure.cpp(61): warning C4244: 'argument': conversion from 'int' to 'FN_DECIMAL', possible loss of data
c:\users\troy\source\repos\minecraft\minecraft\compositestructure.cpp(62): warning C4018: '<': signed/unsigned mismatch
c:\users\troy\source\repos\minecraft\minecraft\compositestructure.cpp(66): warning C4018: '<': signed/unsigned mismatch
c:\users\troy\source\repos\minecraft\minecraft\compositestructure.cpp(78): warning C4018: '<': signed/unsigned mismatch
c:\users\troy\source\repos\minecraft\minecraft\compositestructure.cpp(79): warning C4018: '<': signed/unsigned mismatch
  Entity.cpp
  FastNoise.cpp
  Input.cpp
  InvisibleBlock.cpp
  main.cpp
  Math.cpp
c:\users\troy\source\repos\minecraft\minecraft\math.cpp(155): warning C4244: 'return': conversion from 'int' to 'float', possible loss of data
  Player.cpp
c:\users\troy\source\repos\minecraft\minecraft\player.cpp(41): warning C4244: '+=': conversion from 'double' to 'float', possible loss of data
c:\users\troy\source\repos\minecraft\minecraft\player.cpp(42): warning C4244: '+=': conversion from 'double' to 'float', possible loss of data
  Quaternion.cpp
  Region.cpp
c:\users\troy\source\repos\minecraft\minecraft\region.cpp(38): warning C4018: '<': signed/unsigned mismatch
c:\users\troy\source\repos\minecraft\minecraft\region.cpp(40): warning C4018: '<': signed/unsigned mismatch
c:\users\troy\source\repos\minecraft\minecraft\region.cpp(52): warning C4018: '<': signed/unsigned mismatch
c:\users\troy\source\repos\minecraft\minecraft\region.cpp(59): warning C4244: 'argument': conversion from 'int' to 'FN_DECIMAL', possible loss of data
c:\users\troy\source\repos\minecraft\minecraft\region.cpp(60): warning C4244: 'argument': conversion from 'int' to 'FN_DECIMAL', possible loss of data
c:\users\troy\source\repos\minecraft\minecraft\region.cpp(68): warning C4018: '<': signed/unsigned mismatch
c:\users\troy\source\repos\minecraft\minecraft\region.cpp(78): warning C4018: '<': signed/unsigned mismatch
c:\users\troy\source\repos\minecraft\minecraft\region.cpp(103): warning C4018: '<': signed/unsigned mismatch
c:\users\troy\source\repos\minecraft\minecraft\region.cpp(113): warning C4018: '<': signed/unsigned mismatch
  Compiling...
  RegionCoords.cpp
  RegionManager.cpp
c:\users\troy\source\repos\minecraft\minecraft\regionmanager.cpp(10): warning C4018: '<': signed/unsigned mismatch
c:\users\troy\source\repos\minecraft\minecraft\regionmanager.cpp(23): warning C4018: '<': signed/unsigned mismatch
c:\users\troy\source\repos\minecraft\minecraft\regionmanager.cpp(37): warning C4018: '<': signed/unsigned mismatch
  Shader.cpp
  SingularStructure.cpp
c:\users\troy\source\repos\minecraft\minecraft\singularstructure.cpp(18): warning C4018: '<': signed/unsigned mismatch
c:\users\troy\source\repos\minecraft\minecraft\singularstructure.cpp(57): warning C4018: '<': signed/unsigned mismatch
c:\users\troy\source\repos\minecraft\minecraft\singularstructure.cpp(67): warning C4018: '<': signed/unsigned mismatch
  stb_image.cpp
  Structure.cpp
  StructureCactus.cpp
  StructureData.cpp
  StructureFallTree.cpp
  StructureSandHut.cpp
  StructureTree.cpp
  Texture.cpp
  Util.cpp
  World.cpp
c:\users\troy\source\repos\minecraft\minecraft\world.cpp(143): warning C4018: '<': signed/unsigned mismatch
c:\users\troy\source\repos\minecraft\minecraft\world.cpp(167): warning C4018: '<': signed/unsigned mismatch
c:\users\troy\source\repos\minecraft\minecraft\world.cpp(248): warning C4018: '<': signed/unsigned mismatch
c:\users\troy\source\repos\minecraft\minecraft\world.cpp(273): warning C4018: '<': signed/unsigned mismatch
  WorldGenerator.cpp
c:\users\troy\source\repos\minecraft\minecraft\worldgenerator.cpp(42): warning C4018: '<': signed/unsigned mismatch
LINK : warning LNK4098: defaultlib 'MSVCRTD' conflicts with use of other libs; use /NODEFAULTLIB:library
  Generating code
c:\users\troy\source\repos\minecraft\minecraft\biomeheightmapoverworld.cpp(23): warning C4715: 'BiomeHeightmapOverworld::getHeight': not all control paths return a value
c:\users\troy\source\repos\minecraft\minecraft\compositestructure.cpp(74): warning C4715: 'Structure::CompositeStructure::generate': not all control paths return a value
  All 1609 functions were compiled because no usable IPDB/IOBJ from previous compilation was found.
  Finished generating code
  Minecraft.vcxproj -> C:\Users\Troy\source\repos\Minecraft\Release\Minecraft.exe
