  Block.cpp
  Chunk.cpp
  ChunkManager.cpp
  ChunkThread.cpp
c:\users\troy\source\repos\minecraft\minecraft\chunkthread.cpp(27): warning C4018: '<': signed/unsigned mismatch
c:\users\troy\source\repos\minecraft\minecraft\chunkthread.cpp(105): warning C4018: '<': signed/unsigned mismatch
c:\users\troy\source\repos\minecraft\minecraft\chunkthread.cpp(134): warning C4018: '<': signed/unsigned mismatch
  ChunkThreadPool.cpp
  CompositeStructure.cpp
c:\users\troy\source\repos\minecraft\minecraft\compositestructure.cpp(8): warning C4018: '<': signed/unsigned mismatch
c:\users\troy\source\repos\minecraft\minecraft\compositestructure.cpp(21): warning C4018: '<': signed/unsigned mismatch
c:\users\troy\source\repos\minecraft\minecraft\compositestructure.cpp(62): warning C4244: 'argument': conversion from 'int' to 'FN_DECIMAL', possible loss of data
c:\users\troy\source\repos\minecraft\minecraft\compositestructure.cpp(63): warning C4018: '<': signed/unsigned mismatch
c:\users\troy\source\repos\minecraft\minecraft\compositestructure.cpp(67): warning C4018: '<': signed/unsigned mismatch
c:\users\troy\source\repos\minecraft\minecraft\compositestructure.cpp(80): warning C4018: '<': signed/unsigned mismatch
c:\users\troy\source\repos\minecraft\minecraft\compositestructure.cpp(81): warning C4018: '<': signed/unsigned mismatch
  Player.cpp
c:\users\troy\source\repos\minecraft\minecraft\player.cpp(41): warning C4244: '+=': conversion from 'double' to 'float', possible loss of data
c:\users\troy\source\repos\minecraft\minecraft\player.cpp(42): warning C4244: '+=': conversion from 'double' to 'float', possible loss of data
  Region.cpp
c:\users\troy\source\repos\minecraft\minecraft\region.cpp(38): warning C4018: '<': signed/unsigned mismatch
c:\users\troy\source\repos\minecraft\minecraft\region.cpp(40): warning C4018: '<': signed/unsigned mismatch
c:\users\troy\source\repos\minecraft\minecraft\region.cpp(52): warning C4018: '<': signed/unsigned mismatch
c:\users\troy\source\repos\minecraft\minecraft\region.cpp(59): warning C4244: 'argument': conversion from 'int' to 'FN_DECIMAL', possible loss of data
c:\users\troy\source\repos\minecraft\minecraft\region.cpp(60): warning C4244: 'argument': conversion from 'int' to 'FN_DECIMAL', possible loss of data
c:\users\troy\source\repos\minecraft\minecraft\region.cpp(68): warning C4018: '<': signed/unsigned mismatch
c:\users\troy\source\repos\minecraft\minecraft\region.cpp(78): warning C4018: '<': signed/unsigned mismatch
c:\users\troy\source\repos\minecraft\minecraft\region.cpp(103): warning C4018: '<': signed/unsigned mismatch
c:\users\troy\source\repos\minecraft\minecraft\region.cpp(113): warning C4018: '<': signed/unsigned mismatch
  RegionManager.cpp
c:\users\troy\source\repos\minecraft\minecraft\regionmanager.cpp(10): warning C4018: '<': signed/unsigned mismatch
c:\users\troy\source\repos\minecraft\minecraft\regionmanager.cpp(23): warning C4018: '<': signed/unsigned mismatch
c:\users\troy\source\repos\minecraft\minecraft\regionmanager.cpp(37): warning C4018: '<': signed/unsigned mismatch
  SingularStructure.cpp
c:\users\troy\source\repos\minecraft\minecraft\singularstructure.cpp(18): warning C4018: '<': signed/unsigned mismatch
c:\users\troy\source\repos\minecraft\minecraft\singularstructure.cpp(58): warning C4018: '<': signed/unsigned mismatch
c:\users\troy\source\repos\minecraft\minecraft\singularstructure.cpp(69): warning C4018: '<': signed/unsigned mismatch
  Structure.cpp
  Util.cpp
  World.cpp
c:\users\troy\source\repos\minecraft\minecraft\world.cpp(143): warning C4018: '<': signed/unsigned mismatch
c:\users\troy\source\repos\minecraft\minecraft\world.cpp(167): warning C4018: '<': signed/unsigned mismatch
c:\users\troy\source\repos\minecraft\minecraft\world.cpp(249): warning C4018: '<': signed/unsigned mismatch
c:\users\troy\source\repos\minecraft\minecraft\world.cpp(274): warning C4018: '<': signed/unsigned mismatch
  WorldGenerator.cpp
c:\users\troy\source\repos\minecraft\minecraft\worldgenerator.cpp(24): warning C4018: '<': signed/unsigned mismatch
  main.cpp
  Generating Code...
c:\users\troy\source\repos\minecraft\minecraft\compositestructure.cpp(76): warning C4715: 'Structure::CompositeStructure::generate': not all control paths return a value
  Minecraft.vcxproj -> C:\Users\Troy\source\repos\Minecraft\Debug\Minecraft.exe
