  BiomeHeightmapOverworld.cpp
c:\users\troy\source\repos\minecraft\minecraft\biomeheightmapoverworld.cpp(19): warning C4244: 'argument': conversion from 'int' to 'FN_DECIMAL', possible loss of data
c:\users\troy\source\repos\minecraft\minecraft\biomeheightmapoverworld.cpp(19): warning C4244: 'return': conversion from 'FN_DECIMAL' to 'int', possible loss of data
c:\users\troy\source\repos\minecraft\minecraft\biomeheightmapoverworld.cpp(24): warning C4244: 'argument': conversion from 'int' to 'FN_DECIMAL', possible loss of data
c:\users\troy\source\repos\minecraft\minecraft\biomeheightmapoverworld.cpp(24): warning C4244: 'return': conversion from 'FN_DECIMAL' to 'int', possible loss of data
c:\users\troy\source\repos\minecraft\minecraft\biomeheightmapoverworld.cpp(29): warning C4244: 'argument': conversion from 'int' to 'FN_DECIMAL', possible loss of data
c:\users\troy\source\repos\minecraft\minecraft\biomeheightmapoverworld.cpp(29): warning C4244: 'return': conversion from 'FN_DECIMAL' to 'int', possible loss of data
c:\users\troy\source\repos\minecraft\minecraft\biomeheightmapoverworld.cpp(34): warning C4244: 'argument': conversion from 'int' to 'FN_DECIMAL', possible loss of data
c:\users\troy\source\repos\minecraft\minecraft\biomeheightmapoverworld.cpp(34): warning C4244: 'return': conversion from 'FN_DECIMAL' to 'int', possible loss of data
  Block.cpp
c:\users\troy\source\repos\minecraft\minecraft\block.cpp(238): warning C4244: 'argument': conversion from 'float' to 'int', possible loss of data
  BlockSandstone.cpp
  Chunk.cpp
  ChunkManager.cpp
  ChunkThread.cpp
  ChunkThreadPool.cpp
c:\users\troy\source\repos\minecraft\minecraft\chunkthreadpool.cpp(27): warning C4267: 'initializing': conversion from 'size_t' to 'int', possible loss of data
c:\users\troy\source\repos\minecraft\minecraft\chunkthreadpool.cpp(64): warning C4267: 'argument': conversion from 'size_t' to 'int', possible loss of data
  CompositeStructure.cpp
c:\users\troy\source\repos\minecraft\minecraft\compositestructure.cpp(61): warning C4244: 'argument': conversion from 'int' to 'FN_DECIMAL', possible loss of data
  main.cpp
  Player.cpp
c:\users\troy\source\repos\minecraft\minecraft\player.cpp(41): warning C4244: '+=': conversion from 'double' to 'float', possible loss of data
c:\users\troy\source\repos\minecraft\minecraft\player.cpp(42): warning C4244: '+=': conversion from 'double' to 'float', possible loss of data
  Region.cpp
c:\users\troy\source\repos\minecraft\minecraft\region.cpp(59): warning C4244: 'argument': conversion from 'int' to 'FN_DECIMAL', possible loss of data
c:\users\troy\source\repos\minecraft\minecraft\region.cpp(60): warning C4244: 'argument': conversion from 'int' to 'FN_DECIMAL', possible loss of data
  RegionManager.cpp
  SingularStructure.cpp
  Structure.cpp
  Util.cpp
c:\users\troy\source\repos\minecraft\minecraft\util.cpp(33): warning C4267: 'initializing': conversion from 'size_t' to 'int', possible loss of data
c:\users\troy\source\repos\minecraft\minecraft\util.cpp(36): warning C4267: '=': conversion from 'size_t' to 'int', possible loss of data
c:\users\troy\source\repos\minecraft\minecraft\util.cpp(37): warning C4267: '=': conversion from 'size_t' to 'int', possible loss of data
c:\users\troy\source\repos\minecraft\minecraft\util.cpp(133): warning C4244: 'return': conversion from 'float' to 'int', possible loss of data
c:\users\troy\source\repos\minecraft\minecraft\util.cpp(137): warning C4244: 'return': conversion from 'float' to 'int', possible loss of data
  World.cpp
c:\users\troy\source\repos\minecraft\minecraft\world.cpp(24): warning C4267: 'argument': conversion from 'size_t' to 'int', possible loss of data
c:\users\troy\source\repos\minecraft\minecraft\world.cpp(41): warning C4267: 'argument': conversion from 'size_t' to 'int', possible loss of data
c:\users\troy\source\repos\minecraft\minecraft\world.cpp(52): warning C4267: 'argument': conversion from 'size_t' to 'int', possible loss of data
c:\users\troy\source\repos\minecraft\minecraft\world.cpp(162): warning C4267: 'argument': conversion from 'size_t' to 'int', possible loss of data
c:\users\troy\source\repos\minecraft\minecraft\world.cpp(180): warning C4267: 'argument': conversion from 'size_t' to 'int', possible loss of data
c:\users\troy\source\repos\minecraft\minecraft\world.cpp(192): warning C4267: 'initializing': conversion from 'size_t' to 'int', possible loss of data
c:\users\troy\source\repos\minecraft\minecraft\world.cpp(212): warning C4267: 'initializing': conversion from 'size_t' to 'int', possible loss of data
c:\users\troy\source\repos\minecraft\minecraft\world.cpp(289): warning C4267: 'argument': conversion from 'size_t' to 'int', possible loss of data
c:\users\troy\source\repos\minecraft\minecraft\world.cpp(320): warning C4244: 'initializing': conversion from 'int' to 'float', possible loss of data
c:\users\troy\source\repos\minecraft\minecraft\world.cpp(326): warning C4244: 'initializing': conversion from 'int' to 'float', possible loss of data
c:\users\troy\source\repos\minecraft\minecraft\world.cpp(332): warning C4244: 'initializing': conversion from 'int' to 'float', possible loss of data
  WorldGenerator.cpp
  Generating code
  168 of 1627 functions (10.3%) were compiled, the rest were copied from previous compilation.
    12 functions were new in current compilation
    33 functions had inline decision re-evaluated but remain unchanged
  Finished generating code
  Minecraft.vcxproj -> C:\Users\Troy\source\repos\Minecraft\x64\Release\Minecraft.exe
